<?xml version="1.0" encoding="UTF-8" ?>
<testsuite failures="0" time="0.055" errors="0" skipped="0" tests="3" name="marytts.language.ar.ArabicConfigTest">
  <properties>
    <property name="java.runtime.name" value="Java(TM) SE Runtime Environment"/>
    <property name="sun.boot.library.path" value="C:\Program Files\Java\jdk1.6.0_45\jre\bin"/>
    <property name="java.vm.version" value="20.45-b01"/>
    <property name="java.vm.vendor" value="Sun Microsystems Inc."/>
    <property name="java.vendor.url" value="http://java.sun.com/"/>
    <property name="path.separator" value=";"/>
    <property name="java.vm.name" value="Java HotSpot(TM) 64-Bit Server VM"/>
    <property name="file.encoding.pkg" value="sun.io"/>
    <property name="user.country" value="US"/>
    <property name="sun.java.launcher" value="SUN_STANDARD"/>
    <property name="sun.os.patch.level" value="Service Pack 1"/>
    <property name="java.vm.specification.name" value="Java Virtual Machine Specification"/>
    <property name="user.dir" value="D:\cse132\ICS701\MARY_Code\MARY_v3\marytts-master\marytts-lang-ar"/>
    <property name="java.runtime.version" value="1.6.0_45-b06"/>
    <property name="java.awt.graphicsenv" value="sun.awt.Win32GraphicsEnvironment"/>
    <property name="basedir" value="D:\cse132\ICS701\MARY_Code\MARY_v3\marytts-master\marytts-lang-ar"/>
    <property name="java.endorsed.dirs" value="C:\Program Files\Java\jdk1.6.0_45\jre\lib\endorsed"/>
    <property name="os.arch" value="amd64"/>
    <property name="surefire.real.class.path" value="D:\cse132\ICS701\MARY_Code\MARY_v3\marytts-master\marytts-lang-ar\target\surefire\surefirebooter3454648818122767035.jar"/>
    <property name="java.io.tmpdir" value="C:\Users\sameer\AppData\Local\Temp\"/>
    <property name="line.separator" value="
"/>
    <property name="java.vm.specification.vendor" value="Sun Microsystems Inc."/>
    <property name="user.variant" value=""/>
    <property name="os.name" value="Windows 7"/>
    <property name="sun.jnu.encoding" value="Cp1252"/>
    <property name="java.library.path" value="C:\Program Files\Java\jdk1.6.0_45\jre\bin;C:\Windows\Sun\Java\bin;C:\Windows\system32;C:\Windows;C:\Python34\;C:\Python34\Scripts;C:\Windows\system32;C:\Windows;C:\Windows\System32\Wbem;C:\Windows\System32\WindowsPowerShell\v1.0\;C:\strawberry\c\bin;C:\strawberry\perl\site\bin;C:\strawberry\perl\bin; C:\Python34\Lib;C:\Program Files\Java\jdk1.6.0_45;D:\cse132\ICS701\MARY_Code\MARY_v3\marytts-master\bin;D:\cse132\ICS701\MARY_Code\MARY_v3\marytts-master\marytts-runtime;C:\UnxUtils\usr\local\wbin;C:\Program Files (x86)\MiKTeX 2.9\miktex\bin\;C:\Program Files\Java\jdk1.6.0_45\bin;."/>
    <property name="surefire.test.class.path" value="D:\cse132\ICS701\MARY_Code\MARY_v3\marytts-master\marytts-lang-ar\target\test-classes;D:\cse132\ICS701\MARY_Code\MARY_v3\marytts-master\marytts-lang-ar\target\classes;D:\cse132\ICS701\MARY_Code\MARY_v3\marytts-master\marytts-common\target\marytts-common-5.1-SNAPSHOT.jar;C:\Users\sameer\.m2\repository\commons-io\commons-io\2.0.1\commons-io-2.0.1.jar;C:\Users\sameer\.m2\repository\log4j\log4j\1.2.16\log4j-1.2.16.jar;D:\cse132\ICS701\MARY_Code\MARY_v3\marytts-master\marytts-signalproc\target\marytts-signalproc-5.1-SNAPSHOT.jar;C:\Users\sameer\.m2\repository\org\swinglabs\swing-layout\1.0.3\swing-layout-1.0.3.jar;D:\cse132\ICS701\MARY_Code\MARY_v3\marytts-master\marytts-runtime\target\marytts-runtime-5.1-SNAPSHOT.jar;C:\Users\sameer\.m2\repository\commons-lang\commons-lang\2.6\commons-lang-2.6.jar;C:\Users\sameer\.m2\repository\commons-collections\commons-collections\3.2.1\commons-collections-3.2.1.jar;C:\Users\sameer\.m2\repository\emotionml-checker-java\emotionml-checker-java\1.0\emotionml-checker-java-1.0.jar;C:\Users\sameer\.m2\repository\com\sun\speech\freetts\freetts\1.0\freetts-1.0.jar;C:\Users\sameer\.m2\repository\com\sun\speech\freetts\freetts-de\1.0\freetts-de-1.0.jar;C:\Users\sameer\.m2\repository\com\sun\speech\freetts\freetts-en_us\1.0\freetts-en_us-1.0.jar;C:\Users\sameer\.m2\repository\de\dfki\lt\jtok\jtok-core\1.9.1\jtok-core-1.9.1.jar;C:\Users\sameer\.m2\repository\org\slf4j\slf4j-api\1.6.1\slf4j-api-1.6.1.jar;C:\Users\sameer\.m2\repository\org\slf4j\slf4j-log4j12\1.6.1\slf4j-log4j12-1.6.1.jar;C:\Users\sameer\.m2\repository\net\sf\trove4j\trove4j\2.0.2\trove4j-2.0.2.jar;C:\Users\sameer\.m2\repository\org\apache\httpcomponents\httpcore\4.1\httpcore-4.1.jar;C:\Users\sameer\.m2\repository\org\apache\httpcomponents\httpcore-nio\4.1\httpcore-nio-4.1.jar;C:\Users\sameer\.m2\repository\org\apache\opennlp\opennlp-maxent\3.0.3\opennlp-maxent-3.0.3.jar;C:\Users\sameer\.m2\repository\org\apache\opennlp\opennlp-tools\1.5.3\opennlp-tools-1.5.3.jar;C:\Users\sameer\.m2\repository\net\sf\jwordnet\jwnl\1.3.3\jwnl-1.3.3.jar;C:\Users\sameer\.m2\repository\org\hsqldb\hsqldb\2.0.0\hsqldb-2.0.0.jar;C:\Users\sameer\.m2\repository\junit\junit\4.11\junit-4.11.jar;C:\Users\sameer\.m2\repository\org\hamcrest\hamcrest-core\1.3\hamcrest-core-1.3.jar;"/>
    <property name="java.specification.name" value="Java Platform API Specification"/>
    <property name="java.class.version" value="50.0"/>
    <property name="sun.management.compiler" value="HotSpot 64-Bit Tiered Compilers"/>
    <property name="os.version" value="6.1"/>
    <property name="user.home" value="C:\Users\sameer"/>
    <property name="user.timezone" value=""/>
    <property name="java.awt.printerjob" value="sun.awt.windows.WPrinterJob"/>
    <property name="java.specification.version" value="1.6"/>
    <property name="file.encoding" value="Cp1252"/>
    <property name="user.name" value="sameer"/>
    <property name="java.class.path" value="D:\cse132\ICS701\MARY_Code\MARY_v3\marytts-master\marytts-lang-ar\target\test-classes;D:\cse132\ICS701\MARY_Code\MARY_v3\marytts-master\marytts-lang-ar\target\classes;D:\cse132\ICS701\MARY_Code\MARY_v3\marytts-master\marytts-common\target\marytts-common-5.1-SNAPSHOT.jar;C:\Users\sameer\.m2\repository\commons-io\commons-io\2.0.1\commons-io-2.0.1.jar;C:\Users\sameer\.m2\repository\log4j\log4j\1.2.16\log4j-1.2.16.jar;D:\cse132\ICS701\MARY_Code\MARY_v3\marytts-master\marytts-signalproc\target\marytts-signalproc-5.1-SNAPSHOT.jar;C:\Users\sameer\.m2\repository\org\swinglabs\swing-layout\1.0.3\swing-layout-1.0.3.jar;D:\cse132\ICS701\MARY_Code\MARY_v3\marytts-master\marytts-runtime\target\marytts-runtime-5.1-SNAPSHOT.jar;C:\Users\sameer\.m2\repository\commons-lang\commons-lang\2.6\commons-lang-2.6.jar;C:\Users\sameer\.m2\repository\commons-collections\commons-collections\3.2.1\commons-collections-3.2.1.jar;C:\Users\sameer\.m2\repository\emotionml-checker-java\emotionml-checker-java\1.0\emotionml-checker-java-1.0.jar;C:\Users\sameer\.m2\repository\com\sun\speech\freetts\freetts\1.0\freetts-1.0.jar;C:\Users\sameer\.m2\repository\com\sun\speech\freetts\freetts-de\1.0\freetts-de-1.0.jar;C:\Users\sameer\.m2\repository\com\sun\speech\freetts\freetts-en_us\1.0\freetts-en_us-1.0.jar;C:\Users\sameer\.m2\repository\de\dfki\lt\jtok\jtok-core\1.9.1\jtok-core-1.9.1.jar;C:\Users\sameer\.m2\repository\org\slf4j\slf4j-api\1.6.1\slf4j-api-1.6.1.jar;C:\Users\sameer\.m2\repository\org\slf4j\slf4j-log4j12\1.6.1\slf4j-log4j12-1.6.1.jar;C:\Users\sameer\.m2\repository\net\sf\trove4j\trove4j\2.0.2\trove4j-2.0.2.jar;C:\Users\sameer\.m2\repository\org\apache\httpcomponents\httpcore\4.1\httpcore-4.1.jar;C:\Users\sameer\.m2\repository\org\apache\httpcomponents\httpcore-nio\4.1\httpcore-nio-4.1.jar;C:\Users\sameer\.m2\repository\org\apache\opennlp\opennlp-maxent\3.0.3\opennlp-maxent-3.0.3.jar;C:\Users\sameer\.m2\repository\org\apache\opennlp\opennlp-tools\1.5.3\opennlp-tools-1.5.3.jar;C:\Users\sameer\.m2\repository\net\sf\jwordnet\jwnl\1.3.3\jwnl-1.3.3.jar;C:\Users\sameer\.m2\repository\org\hsqldb\hsqldb\2.0.0\hsqldb-2.0.0.jar;C:\Users\sameer\.m2\repository\junit\junit\4.11\junit-4.11.jar;C:\Users\sameer\.m2\repository\org\hamcrest\hamcrest-core\1.3\hamcrest-core-1.3.jar;"/>
    <property name="java.vm.specification.version" value="1.0"/>
    <property name="sun.arch.data.model" value="64"/>
    <property name="java.home" value="C:\Program Files\Java\jdk1.6.0_45\jre"/>
    <property name="sun.java.command" value="D:\cse132\ICS701\MARY_Code\MARY_v3\marytts-master\marytts-lang-ar\target\surefire\surefirebooter3454648818122767035.jar D:\cse132\ICS701\MARY_Code\MARY_v3\marytts-master\marytts-lang-ar\target\surefire\surefire1491992924918378114tmp D:\cse132\ICS701\MARY_Code\MARY_v3\marytts-master\marytts-lang-ar\target\surefire\surefire1770432906792611176tmp"/>
    <property name="java.specification.vendor" value="Sun Microsystems Inc."/>
    <property name="user.language" value="en"/>
    <property name="awt.toolkit" value="sun.awt.windows.WToolkit"/>
    <property name="java.vm.info" value="mixed mode"/>
    <property name="java.version" value="1.6.0_45"/>
    <property name="java.ext.dirs" value="C:\Program Files\Java\jdk1.6.0_45\jre\lib\ext;C:\Windows\Sun\Java\lib\ext"/>
    <property name="sun.boot.class.path" value="C:\Program Files\Java\jdk1.6.0_45\jre\lib\resources.jar;C:\Program Files\Java\jdk1.6.0_45\jre\lib\rt.jar;C:\Program Files\Java\jdk1.6.0_45\jre\lib\sunrsasign.jar;C:\Program Files\Java\jdk1.6.0_45\jre\lib\jsse.jar;C:\Program Files\Java\jdk1.6.0_45\jre\lib\jce.jar;C:\Program Files\Java\jdk1.6.0_45\jre\lib\charsets.jar;C:\Program Files\Java\jdk1.6.0_45\jre\lib\modules\jdk.boot.jar;C:\Program Files\Java\jdk1.6.0_45\jre\classes"/>
    <property name="java.vendor" value="Sun Microsystems Inc."/>
    <property name="localRepository" value="C:\Users\sameer\.m2\repository"/>
    <property name="file.separator" value="\"/>
    <property name="java.vendor.url.bug" value="http://java.sun.com/cgi-bin/bugreport.cgi"/>
    <property name="sun.cpu.endian" value="little"/>
    <property name="sun.io.unicode.encoding" value="UnicodeLittle"/>
    <property name="sun.desktop" value="windows"/>
    <property name="sun.cpu.isalist" value="amd64"/>
  </properties>
  <testcase time="0.006" classname="marytts.language.ar.ArabicConfigTest" name="canGet"/>
  <testcase time="0" classname="marytts.language.ar.ArabicConfigTest" name="hasRussianLocale"/>
  <testcase time="0" classname="marytts.language.ar.ArabicConfigTest" name="isNotMainConfig"/>
</testsuite>